
> timely-backend@1.0.0 start
> node server.js

Contract service initialized successfully
✅ Contract service initialized
✅ Apollo Server started
🚀 Server running on port 5000
📊 GraphQL endpoint: http://localhost:5000/graphql
🔐 Auth endpoints: http://localhost:5000/api/auth
📁 Uploads: http://localhost:5000/uploads
✅ Connected to MongoDB
Logout error: ObjectParameterError: Parameter "obj" to Document() must be an object, got "eyJhbGciOiJIUzI1NiIsInR5cCI6IkpXVCJ9.eyJ1c2VySWQiOiI2OGUzYjM2YTk0MjNhMmE0N2M0MDg2OGQiLCJ0eXBlIjoicmVmcmVzaCIsImlhdCI6MTc1OTc1MzA2NiwiZXhwIjoxNzYwMzU3ODY2fQ.L4wshqhDqUPBQ-yrZ9gMnd-REE6GszEokcDvlkQeZXI" (type string)
    at EmbeddedDocument.Document (/home/akshai/Desktop/thefinal/timely/LedgerSentinels-HTF/backend/node_modules/mongoose/lib/document.js:123:11)
    at EmbeddedDocument.Subdocument (/home/akshai/Desktop/thefinal/timely/LedgerSentinels-HTF/backend/node_modules/mongoose/lib/types/subdocument.js:34:12)
    at EmbeddedDocument.ArraySubdocument [as constructor] (/home/akshai/Desktop/thefinal/timely/LedgerSentinels-HTF/backend/node_modules/mongoose/lib/types/arraySubdocument.js:44:15)
    at new EmbeddedDocument (/home/akshai/Desktop/thefinal/timely/LedgerSentinels-HTF/backend/node_modules/mongoose/lib/schema/documentArray.js:144:17)
    at SchemaArray._castForQuery (/home/akshai/Desktop/thefinal/timely/LedgerSentinels-HTF/backend/node_modules/mongoose/lib/schema/array.js:561:11)
    at SchemaArray.castForQuery (/home/akshai/Desktop/thefinal/timely/LedgerSentinels-HTF/backend/node_modules/mongoose/lib/schema/array.js:587:17)
    at cast (/home/akshai/Desktop/thefinal/timely/LedgerSentinels-HTF/backend/node_modules/mongoose/lib/cast.js:390:32)
    at Query.cast (/home/akshai/Desktop/thefinal/timely/LedgerSentinels-HTF/backend/node_modules/mongoose/lib/query.js:5060:12)
    at Query._castConditions (/home/akshai/Desktop/thefinal/timely/LedgerSentinels-HTF/backend/node_modules/mongoose/lib/query.js:2374:10)
    at model.Query._findOne (/home/akshai/Desktop/thefinal/timely/LedgerSentinels-HTF/backend/node_modules/mongoose/lib/query.js:2697:8)
